[debug] [2024-01-26T16:34:40.738Z] ----------------------------------------------------------------------
[debug] [2024-01-26T16:34:40.742Z] Command:       /snap/node/7823/bin/node /usr/local/bin/firebase init
[debug] [2024-01-26T16:34:40.743Z] CLI Version:   13.0.3
[debug] [2024-01-26T16:34:40.743Z] Platform:      linux
[debug] [2024-01-26T16:34:40.744Z] Node Version:  v18.18.0
[debug] [2024-01-26T16:34:40.745Z] Time:          Fri Jan 26 2024 22:04:40 GMT+0530 (India Standard Time)
[debug] [2024-01-26T16:34:40.745Z] ----------------------------------------------------------------------
[debug] 
[debug] [2024-01-26T16:34:40.757Z] > command requires scopes: ["email","openid","https://www.googleapis.com/auth/cloudplatformprojects.readonly","https://www.googleapis.com/auth/firebase","https://www.googleapis.com/auth/cloud-platform"]
[debug] [2024-01-26T16:34:40.758Z] > authorizing via signed-in user (nithishkumarnk07@gmail.com)
[info] 
     ######## #### ########  ######## ########     ###     ######  ########
     ##        ##  ##     ## ##       ##     ##  ##   ##  ##       ##
     ######    ##  ########  ######   ########  #########  ######  ######
     ##        ##  ##    ##  ##       ##     ## ##     ##       ## ##
     ##       #### ##     ## ######## ########  ##     ##  ######  ########

You're about to initialize a Firebase project in this directory:

  /home/nithish/Downloads/Projects/project/co42b487d95fbd5b5c8f9c4a8

[info] 
=== Project Setup
[info] 
[info] First, let's associate this project directory with a Firebase project.
[info] You can create multiple project aliases by running firebase use --add, 
[info] but for now we'll just set up a default project.
[info] 
[debug] [2024-01-26T16:39:42.011Z] >>> [apiv2][query] GET https://firebase.googleapis.com/v1beta1/projects pageSize=100
[debug] [2024-01-26T16:39:43.721Z] <<< [apiv2][status] GET https://firebase.googleapis.com/v1beta1/projects 200
[debug] [2024-01-26T16:39:43.722Z] <<< [apiv2][body] GET https://firebase.googleapis.com/v1beta1/projects [omitted]
[info] i  Using project react-notes-app-b3160 (React Notes App) 
[info] 
=== Hosting Setup
[debug] [2024-01-26T16:40:02.667Z] >>> [apiv2][query] GET https://firebase.googleapis.com/v1beta1/projects/react-notes-app-b3160 [none]
[debug] [2024-01-26T16:40:03.592Z] <<< [apiv2][status] GET https://firebase.googleapis.com/v1beta1/projects/react-notes-app-b3160 200
[debug] [2024-01-26T16:40:03.593Z] <<< [apiv2][body] GET https://firebase.googleapis.com/v1beta1/projects/react-notes-app-b3160 {"projectId":"react-notes-app-b3160","projectNumber":"241844727490","displayName":"React Notes App","name":"projects/react-notes-app-b3160","resources":{"hostingSite":"react-notes-app-b3160"},"state":"ACTIVE","etag":"1_58bd4761-bbb9-4327-86fd-b84a1ff56f0b"}
[info] 
[info] Your public directory is the folder (relative to your project directory) that
[info] will contain Hosting assets to be uploaded with firebase deploy. If you
[info] have a build process for your assets, use your build's output directory.
[info] 
[debug] [2024-01-26T16:43:44.017Z] >>> [apiv2][query] GET https://www.gstatic.com/firebasejs/releases.json [none]
[debug] [2024-01-26T16:43:44.258Z] <<< [apiv2][status] GET https://www.gstatic.com/firebasejs/releases.json 200
[debug] [2024-01-26T16:43:44.259Z] <<< [apiv2][body] GET https://www.gstatic.com/firebasejs/releases.json {"current":{"version":"10.7.2","browserURL":"https://www.gstatic.com/firebasejs/10.7.2/firebase.js","packageURL":"https://www.gstatic.com/firebasejs/10.7.2/firebase.tgz"},"live":{"version":"10.7","browserURL":"https://www.gstatic.com/firebasejs/live/10.7/firebase.js","packageURL":"https://www.gstatic.com/firebasejs/live/10.7/firebase.tgz"},"components":{"analytics":"https://www.gstatic.com/firebasejs/10.7.2/firebase-analytics.js","app":"https://www.gstatic.com/firebasejs/10.7.2/firebase-app.js","app-check":"https://www.gstatic.com/firebasejs/10.7.2/firebase-app-check.js","auth":"https://www.gstatic.com/firebasejs/10.7.2/firebase-auth.js","auth/cordova":"https://www.gstatic.com/firebasejs/10.7.2/firebase-auth/cordova.js","functions":"https://www.gstatic.com/firebasejs/10.7.2/firebase-functions.js","firestore":"https://www.gstatic.com/firebasejs/10.7.2/firebase-firestore.js","firestore/lite":"https://www.gstatic.com/firebasejs/10.7.2/firebase-firestore/lite.js","installations":"https://www.gstatic.com/firebasejs/10.7.2/firebase-installations.js","storage":"https://www.gstatic.com/firebasejs/10.7.2/firebase-storage.js","performance":"https://www.gstatic.com/firebasejs/10.7.2/firebase-performance.js","remote-config":"https://www.gstatic.com/firebasejs/10.7.2/firebase-remote-config.js","messaging":"https://www.gstatic.com/firebasejs/10.7.2/firebase-messaging.js","messaging/sw":"https://www.gstatic.com/firebasejs/10.7.2/firebase-messaging/sw.js","database":"https://www.gstatic.com/firebasejs/10.7.2/firebase-database.js","firestore.memory":"https://www.gstatic.com/firebasejs/10.7.2/firebase-firestore.memory.js"}}
[info] ✔  Wrote build/index.html 
[info] 
[info] i  Didn't detect a .git folder. Assuming /home/nithish/Downloads/Projects/project/co42b487d95fbd5b5c8f9c4a8 is the project root. 
[info] i  Authorizing with GitHub to upload your service account to a GitHub repository's secrets store. 
[info] 
[info] Visit this URL on this device to log in:
[info] https://github.com/login/oauth/authorize?client_id=89cf50f02ac6aaed3484&state=524977421&redirect_uri=http%3A%2F%2Flocalhost%3A9005&scope=read%3Auser%20repo%20public_repo
[info] 
[info] Waiting for authentication...
[debug] [2024-01-26T16:44:37.184Z] >>> [apiv2][query] POST https://github.com/login/oauth/access_token [none]
[debug] [2024-01-26T16:44:37.188Z] >>> [apiv2][body] POST https://github.com/login/oauth/access_token [stream]
[debug] [2024-01-26T16:44:37.811Z] <<< [apiv2][status] POST https://github.com/login/oauth/access_token 200
[debug] [2024-01-26T16:44:37.811Z] <<< [apiv2][body] POST https://github.com/login/oauth/access_token {"access_token":"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","token_type":"bearer","scope":"read:user,repo"}
[debug] [2024-01-26T16:44:37.833Z] >>> [apiv2][query] GET https://api.github.com/user [none]
[debug] [2024-01-26T16:44:38.402Z] <<< [apiv2][status] GET https://api.github.com/user 200
[debug] [2024-01-26T16:44:38.402Z] <<< [apiv2][body] GET https://api.github.com/user {"login":"StarboyNith","id":115389614,"node_id":"U_kgDOBuC0rg","avatar_url":"https://avatars.githubusercontent.com/u/115389614?v=4","gravatar_id":"","url":"https://api.github.com/users/StarboyNith","html_url":"https://github.com/StarboyNith","followers_url":"https://api.github.com/users/StarboyNith/followers","following_url":"https://api.github.com/users/StarboyNith/following{/other_user}","gists_url":"https://api.github.com/users/StarboyNith/gists{/gist_id}","starred_url":"https://api.github.com/users/StarboyNith/starred{/owner}{/repo}","subscriptions_url":"https://api.github.com/users/StarboyNith/subscriptions","organizations_url":"https://api.github.com/users/StarboyNith/orgs","repos_url":"https://api.github.com/users/StarboyNith/repos","events_url":"https://api.github.com/users/StarboyNith/events{/privacy}","received_events_url":"https://api.github.com/users/StarboyNith/received_events","type":"User","site_admin":false,"name":null,"company":null,"blog":"","location":null,"email":null,"hireable":null,"bio":null,"twitter_username":null,"public_repos":4,"public_gists":0,"followers":0,"following":0,"created_at":"2022-10-09T05:57:07Z","updated_at":"2024-01-26T16:44:11Z","private_gists":0,"total_private_repos":0,"owned_private_repos":0,"disk_usage":8193,"collaborators":0,"two_factor_authentication":false,"plan":{"name":"free","space":976562499,"collaborators":0,"private_repos":10000}}
[info] 
[info] ✔  Success! Logged into GitHub as StarboyNith 
[info] 
